Watching for file changes with StatReloader
C:\Users\hp\Gestassu app web\apps\tarifs\serializers.py changed, reloading.
Watching for file changes with StatReloader
C:\Users\hp\Gestassu app web\apps\tarifs\views.py changed, reloading.
Watching for file changes with StatReloader
C:\Users\hp\Gestassu app web\apps\tarifs\urls.py changed, reloading.
Watching for file changes with StatReloader
"GET /api/compagnies/compagnies/ HTTP/1.1" 200 5556
"GET /api/compagnies/compagnies/ HTTP/1.1" 200 5556
"GET /api/tarifs/mrh/ HTTP/1.1" 200 34447
"GET /api/tarifs/mrh/ HTTP/1.1" 200 34447
"GET /api/produits/categories-vehicules/ HTTP/1.1" 200 10571
"GET /api/tarifs/auto/ HTTP/1.1" 200 783
"GET /api/compagnies/compagnies/ HTTP/1.1" 200 5556
"GET /api/produits/categories-vehicules/ HTTP/1.1" 200 10571
"GET /api/tarifs/auto/ HTTP/1.1" 200 783
"GET /api/compagnies/compagnies/ HTTP/1.1" 200 5556
"GET /api/compagnies/compagnies/ HTTP/1.1" 200 5556
"GET /api/compagnies/compagnies/ HTTP/1.1" 200 5556
"GET /api/compagnies/compagnies/ HTTP/1.1" 200 5556
"GET /api/compagnies/compagnies/ HTTP/1.1" 200 5556
"GET /api/produits/categories-vehicules/ HTTP/1.1" 200 10571
"GET /api/tarifs/auto/ HTTP/1.1" 200 783
"GET /api/compagnies/compagnies/ HTTP/1.1" 200 5556
"GET /api/produits/categories-vehicules/ HTTP/1.1" 200 10571
"GET /api/tarifs/auto/ HTTP/1.1" 200 783
"GET /api/compagnies/compagnies/ HTTP/1.1" 200 5556
"GET /api/compagnies/compagnies/ HTTP/1.1" 200 5556
"GET /api/tarifs/mrh/ HTTP/1.1" 200 34447
"GET /api/compagnies/compagnies/ HTTP/1.1" 200 5556
"GET /api/tarifs/mrh/ HTTP/1.1" 200 34447
"GET /api/produits/produits/?Id_compagnie=30918b78-e878-462d-a624-31b58bebeff3&code_groupe_prod=G02 HTTP/1.1" 200 822
"GET /api/produits/produits/?Id_compagnie=30918b78-e878-462d-a624-31b58bebeff3&code_groupe_prod=G02 HTTP/1.1" 200 822
"GET /api/tarifs/mrh/ HTTP/1.1" 200 34447
"GET /api/tarifs/mrh/ HTTP/1.1" 200 34447
"GET /api/produits/produits/?Id_compagnie=fca43462-6ee3-4ddc-88b1-de245b1642e2&code_groupe_prod=G02 HTTP/1.1" 200 52
"GET /api/produits/produits/?Id_compagnie=fca43462-6ee3-4ddc-88b1-de245b1642e2&code_groupe_prod=G02 HTTP/1.1" 200 52
"GET /api/produits/produits/?Id_compagnie=7f44ae1f-8f8a-4b81-ae5a-a7f58123fadd&code_groupe_prod=G02 HTTP/1.1" 200 52
"GET /api/produits/produits/?Id_compagnie=7f44ae1f-8f8a-4b81-ae5a-a7f58123fadd&code_groupe_prod=G02 HTTP/1.1" 200 52
"GET /api/produits/produits/?Id_compagnie=d50a573e-9076-427e-a43c-b65f4d67dfe2&code_groupe_prod=G02 HTTP/1.1" 200 52
"GET /api/produits/produits/?Id_compagnie=d50a573e-9076-427e-a43c-b65f4d67dfe2&code_groupe_prod=G02 HTTP/1.1" 200 52
"GET /api/compagnies/compagnies/ HTTP/1.1" 200 5556
"GET /api/compagnies/compagnies/ HTTP/1.1" 200 5556
"GET /api/produits/produits/?Id_compagnie=f8d6828b-1260-4ee3-9f4b-963943e24af2&code_groupe_prod=G02 HTTP/1.1" 200 768
"GET /api/produits/produits/?Id_compagnie=f8d6828b-1260-4ee3-9f4b-963943e24af2&code_groupe_prod=G02 HTTP/1.1" 200 768
"GET /api/tarifs/mrh/ HTTP/1.1" 200 34447
"GET /api/tarifs/mrh/ HTTP/1.1" 200 34447
"GET /api/compagnies/compagnies/ HTTP/1.1" 200 5556
"GET /api/compagnies/compagnies/ HTTP/1.1" 200 5556
"GET /api/compagnies/compagnies/ HTTP/1.1" 200 5556
"GET /api/compagnies/compagnies/ HTTP/1.1" 200 5556
"GET /api/produits/produits/?Id_compagnie=f8d6828b-1260-4ee3-9f4b-963943e24af2&code_groupe_prod=G02 HTTP/1.1" 200 768
"GET /api/produits/produits/?Id_compagnie=f8d6828b-1260-4ee3-9f4b-963943e24af2&code_groupe_prod=G02 HTTP/1.1" 200 768
"GET /api/tarifs/mrh/ HTTP/1.1" 200 34447
"GET /api/tarifs/mrh/ HTTP/1.1" 200 34447
"GET /api/compagnies/compagnies/ HTTP/1.1" 200 5556
"GET /api/tarifs/mrh/ HTTP/1.1" 200 34447
"GET /api/compagnies/compagnies/ HTTP/1.1" 200 5556
"GET /api/compagnies/compagnies/ HTTP/1.1" 200 5556
C:\Users\hp\Gestassu app web\apps\tarifs\serializers.py changed, reloading.
Watching for file changes with StatReloader
C:\Users\hp\Gestassu app web\apps\tarifs\serializers.py changed, reloading.
Watching for file changes with StatReloader
C:\Users\hp\Gestassu app web\apps\tarifs\serializers.py changed, reloading.
Watching for file changes with StatReloader
C:\Users\hp\Gestassu app web\apps\tarifs\views.py changed, reloading.
Watching for file changes with StatReloader
C:\Users\hp\Gestassu app web\apps\tarifs\views.py changed, reloading.
Watching for file changes with StatReloader
C:\Users\hp\Gestassu app web\apps\tarifs\views.py changed, reloading.
Watching for file changes with StatReloader
Internal Server Error: /api/tarifs/mrh/
"GET /api/tarifs/mrh/?page=1&page_size=20 HTTP/1.1" 500 94
"GET /api/compagnies/compagnies/ HTTP/1.1" 200 5556
Internal Server Error: /api/tarifs/mrh/
"GET /api/tarifs/mrh/ HTTP/1.1" 500 94
"GET /api/compagnies/compagnies/ HTTP/1.1" 200 5556
Internal Server Error: /api/tarifs/mrh/
"GET /api/tarifs/mrh/ HTTP/1.1" 500 94
"GET /api/compagnies/compagnies/ HTTP/1.1" 200 5556
Internal Server Error: /api/tarifs/mrh/
"GET /api/tarifs/mrh/ HTTP/1.1" 500 94
"GET /api/compagnies/compagnies/ HTTP/1.1" 200 5556
C:\Users\hp\Gestassu app web\apps\tarifs\views.py changed, reloading.
Watching for file changes with StatReloader
"GET /api/tarifs/mrh/ HTTP/1.1" 200 34447
"GET /api/compagnies/compagnies/ HTTP/1.1" 200 5556
"GET /api/produits/categories-vehicules/ HTTP/1.1" 200 10571
"GET /api/compagnies/compagnies/ HTTP/1.1" 200 5556
"GET /api/tarifs/auto/ HTTP/1.1" 200 783
"GET /api/produits/categories-vehicules/ HTTP/1.1" 200 10571
"GET /api/tarifs/auto/ HTTP/1.1" 200 783
"GET /api/compagnies/compagnies/ HTTP/1.1" 200 5556
"GET /api/tarifs/mrh/ HTTP/1.1" 200 34447
"GET /api/compagnies/compagnies/ HTTP/1.1" 200 5556
"GET /api/tarifs/mrh/ HTTP/1.1" 200 34447
"GET /api/compagnies/compagnies/ HTTP/1.1" 200 5556
"GET /api/produits/categories-vehicules/ HTTP/1.1" 200 10571
"GET /api/tarifs/auto/ HTTP/1.1" 200 783
"GET /api/compagnies/compagnies/ HTTP/1.1" 200 5556
"GET /api/produits/categories-vehicules/ HTTP/1.1" 200 10571
"GET /api/tarifs/auto/ HTTP/1.1" 200 783
"GET /api/compagnies/compagnies/ HTTP/1.1" 200 5556
"GET /api/tarifs/mrh/ HTTP/1.1" 200 34447
"GET /api/compagnies/compagnies/ HTTP/1.1" 200 5556
"GET /api/tarifs/mrh/ HTTP/1.1" 200 34447
"GET /api/compagnies/compagnies/ HTTP/1.1" 200 5556
"GET /api/produits/produits/?Id_compagnie=30918b78-e878-462d-a624-31b58bebeff3&code_groupe_prod=G02 HTTP/1.1" 200 822
"GET /api/produits/produits/?Id_compagnie=30918b78-e878-462d-a624-31b58bebeff3&code_groupe_prod=G02 HTTP/1.1" 200 822
"GET /api/produits/produits/?Id_compagnie=9967eea5-91b3-4d8f-9fe5-80249ba13196&code_groupe_prod=G02 HTTP/1.1" 200 52
"GET /api/produits/produits/?Id_compagnie=9967eea5-91b3-4d8f-9fe5-80249ba13196&code_groupe_prod=G02 HTTP/1.1" 200 52
"GET /api/produits/produits/?Id_compagnie=f8d6828b-1260-4ee3-9f4b-963943e24af2&code_groupe_prod=G02 HTTP/1.1" 200 768
"GET /api/produits/produits/?Id_compagnie=f8d6828b-1260-4ee3-9f4b-963943e24af2&code_groupe_prod=G02 HTTP/1.1" 200 768
"GET /api/produits/produits/?Id_compagnie=ff20c841-7a65-4caa-8aef-ee01401d5e74&code_groupe_prod=G02 HTTP/1.1" 200 1521
"GET /api/produits/produits/?Id_compagnie=ff20c841-7a65-4caa-8aef-ee01401d5e74&code_groupe_prod=G02 HTTP/1.1" 200 1521
"GET /api/produits/garanties/?id_produit=ac307c67-9d4a-43e6-8bbc-8228d8ba3616 HTTP/1.1" 200 4590
"GET /api/produits/garanties/?id_produit=ac307c67-9d4a-43e6-8bbc-8228d8ba3616 HTTP/1.1" 200 4590
"GET /api/tarifs/mrh/ HTTP/1.1" 200 34447
"GET /api/tarifs/mrh/ HTTP/1.1" 200 34447
"GET /api/compagnies/compagnies/ HTTP/1.1" 200 5556
"GET /api/tarifs/mrh/ HTTP/1.1" 200 34447
"GET /api/compagnies/compagnies/ HTTP/1.1" 200 5556
"GET /api/tarifs/mrh/ HTTP/1.1" 200 34447
"GET /api/compagnies/compagnies/ HTTP/1.1" 200 5556
"GET /api/tarifs/mrh/ HTTP/1.1" 200 34447
"GET /api/compagnies/compagnies/ HTTP/1.1" 200 5556
C:\Users\hp\Gestassu app web\apps\tarifs\views.py changed, reloading.
Watching for file changes with StatReloader
"GET /api/tarifs/mrh/ HTTP/1.1" 200 34447
"GET /api/compagnies/compagnies/ HTTP/1.1" 200 5556
"GET /api/tarifs/mrh/ HTTP/1.1" 200 34447
"GET /api/compagnies/compagnies/ HTTP/1.1" 200 5556
"GET /api/tarifs/mrh/ HTTP/1.1" 200 34447
"GET /api/compagnies/compagnies/ HTTP/1.1" 200 5556
"GET /api/produits/categories-vehicules/ HTTP/1.1" 200 10571
"GET /api/tarifs/auto/ HTTP/1.1" 200 783
"GET /api/compagnies/compagnies/ HTTP/1.1" 200 5556
"GET /api/produits/categories-vehicules/ HTTP/1.1" 200 10571
"GET /api/tarifs/auto/ HTTP/1.1" 200 783
"GET /api/compagnies/compagnies/ HTTP/1.1" 200 5556
"GET /api/produits/categories-vehicules/ HTTP/1.1" 200 10571
"GET /api/compagnies/compagnies/ HTTP/1.1" 200 5556
"GET /api/tarifs/auto/ HTTP/1.1" 200 783
"GET /api/produits/categories-vehicules/ HTTP/1.1" 200 10571
"GET /api/compagnies/compagnies/ HTTP/1.1" 200 5556
"GET /api/tarifs/auto/ HTTP/1.1" 200 783
"GET /api/tarifs/mrh/ HTTP/1.1" 200 34447
"GET /api/compagnies/compagnies/ HTTP/1.1" 200 5556
"GET /api/tarifs/mrh/ HTTP/1.1" 200 34447
"GET /api/compagnies/compagnies/ HTTP/1.1" 200 5556
"GET /api/compagnies/compagnies/ HTTP/1.1" 200 5556
"GET /api/compagnies/compagnies/ HTTP/1.1" 200 5556
"GET /api/produits/produits/ HTTP/1.1" 200 37108
"GET /api/tarifs/mrh/ HTTP/1.1" 200 34447
"GET /api/compagnies/compagnies/ HTTP/1.1" 200 5556
"GET /api/tarifs/mrh/ HTTP/1.1" 200 34447
"GET /api/produits/produits/ HTTP/1.1" 200 37108
"GET /api/compagnies/compagnies/ HTTP/1.1" 200 5556
"GET /api/produits/produits/?Id_compagnie=f8d6828b-1260-4ee3-9f4b-963943e24af2&code_groupe_prod=G02 HTTP/1.1" 200 768
"GET /api/produits/produits/?Id_compagnie=f8d6828b-1260-4ee3-9f4b-963943e24af2&code_groupe_prod=G02 HTTP/1.1" 200 768
"GET /api/compagnies/compagnies/ HTTP/1.1" 200 5556
"GET /api/produits/groupes/ HTTP/1.1" 200 3392
"GET /api/compagnies/compagnies/ HTTP/1.1" 200 5556
"GET /api/compagnies/compagnies/ HTTP/1.1" 200 5556
"GET /api/produits/produits/ HTTP/1.1" 200 37108
"GET /api/produits/produits/ HTTP/1.1" 200 37108
"GET /api/produits/garanties/?id_produit=41bd69f6-5fd9-4e11-8dd7-c7351695618f HTTP/1.1" 200 12486
"GET /api/produits/garanties/?id_produit=41bd69f6-5fd9-4e11-8dd7-c7351695618f HTTP/1.1" 200 12486
"GET /api/produits/produits/ HTTP/1.1" 200 37108
Watching for file changes with StatReloader
Unauthorized: /api/auth/login/
"POST /api/auth/login/ HTTP/1.1" 401 188
"POST /api/auth/token/refresh/ HTTP/1.1" 200 244
"POST /api/auth/login/ HTTP/1.1" 200 655
"GET /api/produits/categories-vehicules/ HTTP/1.1" 200 10571
"GET /api/compagnies/compagnies/ HTTP/1.1" 200 5556
"GET /api/produits/categories-vehicules/ HTTP/1.1" 200 10571
"GET /api/tarifs/auto/ HTTP/1.1" 200 783
"GET /api/compagnies/compagnies/ HTTP/1.1" 200 5556
"GET /api/tarifs/auto/ HTTP/1.1" 200 783
"GET /api/tarifs/mrh/ HTTP/1.1" 200 34447
"GET /api/compagnies/compagnies/ HTTP/1.1" 200 5556
"GET /api/tarifs/mrh/ HTTP/1.1" 200 34447
"GET /api/compagnies/compagnies/ HTTP/1.1" 200 5556
"GET /api/produits/categories-vehicules/ HTTP/1.1" 200 10571
"GET /api/tarifs/auto/ HTTP/1.1" 200 783
"GET /api/compagnies/compagnies/ HTTP/1.1" 200 5556
"GET /api/produits/categories-vehicules/ HTTP/1.1" 200 10571
"GET /api/tarifs/auto/ HTTP/1.1" 200 783
"GET /api/compagnies/compagnies/ HTTP/1.1" 200 5556
"GET /api/tarifs/mrh/ HTTP/1.1" 200 34447
"GET /api/compagnies/compagnies/ HTTP/1.1" 200 5556
"GET /api/tarifs/mrh/ HTTP/1.1" 200 34447
"GET /api/compagnies/compagnies/ HTTP/1.1" 200 5556
